1>------ Build started: Project: RUN_TESTS, Configuration: Release x64 ------
1>Build started 13.03.2015 3:06:21.
1>InitializeBuildStatus:
1>  Creating "x64\Release\RUN_TESTS\RUN_TESTS.unsuccessfulbuild" because "AlwaysCreate" was specified.
1>PostBuildEvent:
1>  Test project C:/Users/KIRILL/Documents/Code/INMOST/builds/build64_2010_INMOST
1>          Start   1: solver_test000_serial_inner_ilu2
1>    1/165 Test   #1: solver_test000_serial_inner_ilu2 ...................   Passed    0.02 sec
1>          Start   2: solver_test000_serial_inner_ddpqiluc
1>    2/165 Test   #2: solver_test000_serial_inner_ddpqiluc ...............   Passed    0.02 sec
1>          Start   3: solver_test000_serial_inner_mptiluc
1>    3/165 Test   #3: solver_test000_serial_inner_mptiluc ................   Passed    0.02 sec
1>          Start   4: solver_test000_serial_petsc
1>    4/165 Test   #4: solver_test000_serial_petsc ........................   Passed    0.02 sec
1>          Start   5: solver_test000_serial_trilinos_aztec
1>    5/165 Test   #5: solver_test000_serial_trilinos_aztec ...............   Passed    0.02 sec
1>          Start   6: solver_test000_serial_trilinos_ifpack
1>    6/165 Test   #6: solver_test000_serial_trilinos_ifpack ..............   Passed    0.02 sec
1>          Start   7: solver_test000_serial_trilinos_ml
1>    7/165 Test   #7: solver_test000_serial_trilinos_ml ..................   Passed    0.03 sec
1>          Start   8: solver_test000_serial_trilinos_belos
1>    8/165 Test   #8: solver_test000_serial_trilinos_belos ...............   Passed    0.02 sec
1>          Start   9: solver_test000_parallel_normal_inner_ilu2
1>    9/165 Test   #9: solver_test000_parallel_normal_inner_ilu2 ..........   Passed    0.06 sec
1>          Start  10: solver_test000_parallel_permute1_inner_ilu2
1>   10/165 Test  #10: solver_test000_parallel_permute1_inner_ilu2 ........   Passed    0.06 sec
1>          Start  11: solver_test000_parallel_permute2_inner_ilu2
1>   11/165 Test  #11: solver_test000_parallel_permute2_inner_ilu2 ........   Passed    0.05 sec
1>          Start  12: solver_test000_parallel_normal_inner_ddpqiluc
1>   12/165 Test  #12: solver_test000_parallel_normal_inner_ddpqiluc ......   Passed    0.06 sec
1>          Start  13: solver_test000_parallel_permute1_inner_ddpqiluc
1>   13/165 Test  #13: solver_test000_parallel_permute1_inner_ddpqiluc ....   Passed    0.06 sec
1>          Start  14: solver_test000_parallel_permute2_inner_ddpqiluc
1>   14/165 Test  #14: solver_test000_parallel_permute2_inner_ddpqiluc ....   Passed    0.06 sec
1>          Start  15: solver_test000_parallel_normal_inner_mptiluc
1>   15/165 Test  #15: solver_test000_parallel_normal_inner_mptiluc .......   Passed    0.06 sec
1>          Start  16: solver_test000_parallel_permute1_inner_mptiluc
1>   16/165 Test  #16: solver_test000_parallel_permute1_inner_mptiluc .....   Passed    0.06 sec
1>          Start  17: solver_test000_parallel_permute2_inner_mptiluc
1>   17/165 Test  #17: solver_test000_parallel_permute2_inner_mptiluc .....   Passed    0.06 sec
1>          Start  18: solver_test000_parallel_normal_petsc
1>   18/165 Test  #18: solver_test000_parallel_normal_petsc ...............   Passed    0.06 sec
1>          Start  19: solver_test000_parallel_normal_trilinos_aztec
1>   19/165 Test  #19: solver_test000_parallel_normal_trilinos_aztec ......   Passed    0.06 sec
1>          Start  20: solver_test000_parallel_permute1_trilinos_aztec
1>   20/165 Test  #20: solver_test000_parallel_permute1_trilinos_aztec ....   Passed    0.06 sec
1>          Start  21: solver_test000_parallel_permute2_trilinos_aztec
1>   21/165 Test  #21: solver_test000_parallel_permute2_trilinos_aztec ....   Passed    0.06 sec
1>          Start  22: solver_test000_parallel_normal_trilinos_ifpack
1>   22/165 Test  #22: solver_test000_parallel_normal_trilinos_ifpack .....   Passed    0.06 sec
1>          Start  23: solver_test000_parallel_permute1_trilinos_ifpack
1>   23/165 Test  #23: solver_test000_parallel_permute1_trilinos_ifpack ...   Passed    0.06 sec
1>          Start  24: solver_test000_parallel_permute2_trilinos_ifpack
1>   24/165 Test  #24: solver_test000_parallel_permute2_trilinos_ifpack ...   Passed    0.09 sec
1>          Start  25: solver_test000_parallel_normal_trilinos_ml
1>   25/165 Test  #25: solver_test000_parallel_normal_trilinos_ml .........   Passed    0.08 sec
1>          Start  26: solver_test000_parallel_permute1_trilinos_ml
1>   26/165 Test  #26: solver_test000_parallel_permute1_trilinos_ml .......   Passed    0.06 sec
1>          Start  27: solver_test000_parallel_permute2_trilinos_ml
1>   27/165 Test  #27: solver_test000_parallel_permute2_trilinos_ml .......   Passed    0.06 sec
1>          Start  28: solver_test001_sparsekit_tokamak_utm300
1>   28/165 Test  #28: solver_test001_sparsekit_tokamak_utm300 ............   Passed    0.03 sec
1>          Start  29: solver_test001_sparsekit_tokamak_utm1700a
1>   29/165 Test  #29: solver_test001_sparsekit_tokamak_utm1700a ..........   Passed    0.20 sec
1>          Start  30: solver_test001_sparsekit_tokamak_utm1700b
1>   30/165 Test  #30: solver_test001_sparsekit_tokamak_utm1700b ..........   Passed    0.25 sec
1>          Start  31: solver_test001_sparsekit_tokamak_utm3060
1>   31/165 Test  #31: solver_test001_sparsekit_tokamak_utm3060 ...........   Passed    0.44 sec
1>          Start  32: solver_test001_sparsekit_tokamak_utm5940
1>   32/165 Test  #32: solver_test001_sparsekit_tokamak_utm5940 ...........   Passed    1.87 sec
1>          Start  33: solver_test001_sparsekit_drivcav_old_cavity01
1>   33/165 Test  #33: solver_test001_sparsekit_drivcav_old_cavity01 ......   Passed    0.06 sec
1>          Start  34: solver_test001_sparsekit_drivcav_old_cavity02
1>   34/165 Test  #34: solver_test001_sparsekit_drivcav_old_cavity02 ......   Passed    0.05 sec
1>          Start  35: solver_test001_sparsekit_drivcav_old_cavity03
1>   35/165 Test  #35: solver_test001_sparsekit_drivcav_old_cavity03 ......   Passed    0.06 sec
1>          Start  36: solver_test001_sparsekit_drivcav_old_cavity04
1>   36/165 Test  #36: solver_test001_sparsekit_drivcav_old_cavity04 ......   Passed    0.06 sec
1>          Start  37: solver_test001_sparsekit_drivcav_old_cavity05
1>   37/165 Test  #37: solver_test001_sparsekit_drivcav_old_cavity05 ......   Passed    0.19 sec
1>          Start  38: solver_test001_sparsekit_drivcav_old_cavity06
1>   38/165 Test  #38: solver_test001_sparsekit_drivcav_old_cavity06 ......   Passed    0.23 sec
1>          Start  39: solver_test001_sparsekit_drivcav_old_cavity07
1>   39/165 Test  #39: solver_test001_sparsekit_drivcav_old_cavity07 ......   Passed    0.18 sec
1>          Start  40: solver_test001_sparsekit_drivcav_old_cavity08
1>   40/165 Test  #40: solver_test001_sparsekit_drivcav_old_cavity08 ......   Passed    0.19 sec
1>          Start  41: solver_test001_sparsekit_drivcav_old_cavity09
1>   41/165 Test  #41: solver_test001_sparsekit_drivcav_old_cavity09 ......   Passed    0.20 sec
1>          Start  42: solver_test001_sparsekit_drivcav_old_cavity10
1>   42/165 Test  #42: solver_test001_sparsekit_drivcav_old_cavity10 ......   Passed    0.55 sec
1>          Start  43: solver_test001_sparsekit_drivcav_old_cavity11
1>   43/165 Test  #43: solver_test001_sparsekit_drivcav_old_cavity11 ......   Passed    0.55 sec
1>          Start  44: solver_test001_sparsekit_drivcav_old_cavity12
1>   44/165 Test  #44: solver_test001_sparsekit_drivcav_old_cavity12 ......   Passed    0.53 sec
1>          Start  45: solver_test001_sparsekit_drivcav_old_cavity13
1>   45/165 Test  #45: solver_test001_sparsekit_drivcav_old_cavity13 ......   Passed    0.53 sec
1>          Start  46: solver_test001_sparsekit_drivcav_old_cavity14
1>   46/165 Test  #46: solver_test001_sparsekit_drivcav_old_cavity14 ......   Passed    0.55 sec
1>          Start  47: solver_test001_sparsekit_drivcav_old_cavity15
1>   47/165 Test  #47: solver_test001_sparsekit_drivcav_old_cavity15 ......   Passed    0.50 sec
1>          Start  48: solver_test001_sparsekit_drivcav_old_cavity16
1>   48/165 Test  #48: solver_test001_sparsekit_drivcav_old_cavity16 ......   Passed    1.19 sec
1>          Start  49: solver_test001_sparsekit_drivcav_old_cavity17
1>   49/165 Test  #49: solver_test001_sparsekit_drivcav_old_cavity17 ......   Passed    1.23 sec
1>          Start  50: solver_test001_sparsekit_drivcav_old_cavity18
1>   50/165 Test  #50: solver_test001_sparsekit_drivcav_old_cavity18 ......   Passed    1.15 sec
1>          Start  51: solver_test001_sparsekit_drivcav_old_cavity19
1>   51/165 Test  #51: solver_test001_sparsekit_drivcav_old_cavity19 ......   Passed    1.23 sec
1>          Start  52: solver_test001_sparsekit_drivcav_old_cavity20
1>   52/165 Test  #52: solver_test001_sparsekit_drivcav_old_cavity20 ......   Passed    1.23 sec
1>          Start  53: solver_test001_sparsekit_drivcav_old_cavity21
1>   53/165 Test  #53: solver_test001_sparsekit_drivcav_old_cavity21 ......   Passed    1.25 sec
1>          Start  54: solver_test001_sparsekit_drivcav_old_cavity22
1>   54/165 Test  #54: solver_test001_sparsekit_drivcav_old_cavity22 ......   Passed    1.25 sec
1>          Start  55: solver_test001_sparsekit_drivcav_old_cavity23
1>   55/165 Test  #55: solver_test001_sparsekit_drivcav_old_cavity23 ......   Passed    1.26 sec
1>          Start  56: solver_test001_sparsekit_drivcav_old_cavity24
1>   56/165 Test  #56: solver_test001_sparsekit_drivcav_old_cavity24 ......   Passed    1.34 sec
1>          Start  57: solver_test001_sparsekit_drivcav_old_cavity25
1>   57/165 Test  #57: solver_test001_sparsekit_drivcav_old_cavity25 ......   Passed    1.22 sec
1>          Start  58: solver_test001_sparsekit_drivcav_old_cavity26
1>   58/165 Test  #58: solver_test001_sparsekit_drivcav_old_cavity26 ......   Passed    1.28 sec
1>          Start  59: solver_test001_sparsekit_drivcav_e05r0000
1>   59/165 Test  #59: solver_test001_sparsekit_drivcav_e05r0000 ..........   Passed    0.05 sec
1>          Start  60: solver_test001_sparsekit_drivcav_e05r0100
1>   60/165 Test  #60: solver_test001_sparsekit_drivcav_e05r0100 ..........   Passed    0.03 sec
1>          Start  61: solver_test001_sparsekit_drivcav_e05r0200
1>   61/165 Test  #61: solver_test001_sparsekit_drivcav_e05r0200 ..........   Passed    0.03 sec
1>          Start  62: solver_test001_sparsekit_drivcav_e05r0300
1>   62/165 Test  #62: solver_test001_sparsekit_drivcav_e05r0300 ..........   Passed    0.05 sec
1>          Start  63: solver_test001_sparsekit_drivcav_e05r0400
1>   63/165 Test  #63: solver_test001_sparsekit_drivcav_e05r0400 ..........   Passed    0.05 sec
1>          Start  64: solver_test001_sparsekit_drivcav_e05r0500
1>   64/165 Test  #64: solver_test001_sparsekit_drivcav_e05r0500 ..........   Passed    0.05 sec
1>          Start  65: solver_test001_sparsekit_drivcav_e20r0000
1>   65/165 Test  #65: solver_test001_sparsekit_drivcav_e20r0000 ..........   Passed    1.12 sec
1>          Start  66: solver_test001_sparsekit_drivcav_e20r0100
1>   66/165 Test  #66: solver_test001_sparsekit_drivcav_e20r0100 ..........   Passed    1.12 sec
1>          Start  67: solver_test001_sparsekit_drivcav_e20r0500
1>   67/165 Test  #67: solver_test001_sparsekit_drivcav_e20r0500 ..........   Passed    1.05 sec
1>          Start  68: solver_test001_sparsekit_drivcav_e20r1000
1>   68/165 Test  #68: solver_test001_sparsekit_drivcav_e20r1000 ..........   Passed    1.19 sec
1>          Start  69: solver_test001_sparsekit_drivcav_e20r2000
1>   69/165 Test  #69: solver_test001_sparsekit_drivcav_e20r2000 ..........   Passed    1.22 sec
1>          Start  70: solver_test001_sparsekit_drivcav_e20r3000
1>   70/165 Test  #70: solver_test001_sparsekit_drivcav_e20r3000 ..........   Passed    1.29 sec
1>          Start  71: solver_test001_sparsekit_drivcav_e20r4000
1>   71/165 Test  #71: solver_test001_sparsekit_drivcav_e20r4000 ..........   Passed    1.17 sec
1>          Start  72: solver_test001_sparsekit_drivcav_e20r5000
1>   72/165 Test  #72: solver_test001_sparsekit_drivcav_e20r5000 ..........   Passed    1.28 sec
1>          Start  73: solver_test001_sparsekit_drivcav_e30r0000
1>   73/165 Test  #73: solver_test001_sparsekit_drivcav_e30r0000 ..........   Passed    4.68 sec
1>          Start  74: solver_test001_sparsekit_drivcav_e30r0100
1>   74/165 Test  #74: solver_test001_sparsekit_drivcav_e30r0100 ..........   Passed    4.51 sec
1>          Start  75: solver_test001_sparsekit_drivcav_e30r0500
1>   75/165 Test  #75: solver_test001_sparsekit_drivcav_e30r0500 ..........   Passed    4.80 sec
1>          Start  76: solver_test001_sparsekit_drivcav_e30r1000
1>   76/165 Test  #76: solver_test001_sparsekit_drivcav_e30r1000 ..........   Passed    4.68 sec
1>          Start  77: solver_test001_sparsekit_drivcav_e30r2000
1>   77/165 Test  #77: solver_test001_sparsekit_drivcav_e30r2000 ..........   Passed    4.65 sec
1>          Start  78: solver_test001_sparsekit_drivcav_e30r3000
1>   78/165 Test  #78: solver_test001_sparsekit_drivcav_e30r3000 ..........   Passed    4.68 sec
1>          Start  79: solver_test001_sparsekit_drivcav_e30r4000
1>   79/165 Test  #79: solver_test001_sparsekit_drivcav_e30r4000 ..........   Passed    4.87 sec
1>          Start  80: solver_test001_sparsekit_drivcav_e30r5000
1>   80/165 Test  #80: solver_test001_sparsekit_drivcav_e30r5000 ..........   Passed    5.05 sec
1>          Start  81: solver_test001_sparsekit_drivcav_e40r0000
1>   81/165 Test  #81: solver_test001_sparsekit_drivcav_e40r0000 ..........   Passed   12.45 sec
1>          Start  82: solver_test001_sparsekit_drivcav_e40r0100
1>   82/165 Test  #82: solver_test001_sparsekit_drivcav_e40r0100 ..........   Passed   12.60 sec
1>          Start  83: solver_test001_sparsekit_drivcav_e40r0500
1>   83/165 Test  #83: solver_test001_sparsekit_drivcav_e40r0500 ..........   Passed   13.10 sec
1>          Start  84: solver_test001_sparsekit_drivcav_e40r1000
1>   84/165 Test  #84: solver_test001_sparsekit_drivcav_e40r1000 ..........   Passed   13.52 sec
1>          Start  85: solver_test001_sparsekit_drivcav_e40r2000
1>   85/165 Test  #85: solver_test001_sparsekit_drivcav_e40r2000 ..........   Passed   12.93 sec
1>          Start  86: solver_test001_sparsekit_drivcav_e40r3000
1>   86/165 Test  #86: solver_test001_sparsekit_drivcav_e40r3000 ..........   Passed   13.03 sec
1>          Start  87: solver_test001_sparsekit_drivcav_e40r4000
1>   87/165 Test  #87: solver_test001_sparsekit_drivcav_e40r4000 ..........   Passed   14.06 sec
1>          Start  88: solver_test001_sparsekit_drivcav_e40r5000
1>   88/165 Test  #88: solver_test001_sparsekit_drivcav_e40r5000 ..........   Passed   14.01 sec
1>          Start  89: solver_test001_sparsekit_fidap_fidap001
1>   89/165 Test  #89: solver_test001_sparsekit_fidap_fidap001 ............   Passed    0.05 sec
1>          Start  90: solver_test001_sparsekit_fidap_fidap002
1>   90/165 Test  #90: solver_test001_sparsekit_fidap_fidap002 ............   Passed    0.12 sec
1>          Start  91: solver_test001_sparsekit_fidap_fidap003
1>   91/165 Test  #91: solver_test001_sparsekit_fidap_fidap003 ............   Passed    0.30 sec
1>          Start  92: solver_test001_sparsekit_fidap_fidap004
1>   92/165 Test  #92: solver_test001_sparsekit_fidap_fidap004 ............   Passed    0.22 sec
1>          Start  93: solver_test001_sparsekit_fidap_fidap005
1>   93/165 Test  #93: solver_test001_sparsekit_fidap_fidap005 ............   Passed    0.02 sec
1>          Start  94: solver_test001_sparsekit_fidap_fidap006
1>   94/165 Test  #94: solver_test001_sparsekit_fidap_fidap006 ............***Failed    2.48 sec
1>          Start  95: solver_test001_sparsekit_fidap_fidap007
1>   95/165 Test  #95: solver_test001_sparsekit_fidap_fidap007 ............   Passed    0.27 sec
1>          Start  96: solver_test001_sparsekit_fidap_fidap008
1>   96/165 Test  #96: solver_test001_sparsekit_fidap_fidap008 ............   Passed    0.51 sec
1>          Start  97: solver_test001_sparsekit_fidap_fidap009
1>   97/165 Test  #97: solver_test001_sparsekit_fidap_fidap009 ............   Passed    0.61 sec
1>          Start  98: solver_test001_sparsekit_fidap_fidap010
1>   98/165 Test  #98: solver_test001_sparsekit_fidap_fidap010 ............   Passed    0.34 sec
1>          Start  99: solver_test001_sparsekit_fidap_fidap011
1>   99/165 Test  #99: solver_test001_sparsekit_fidap_fidap011 ............   Passed   19.66 sec
1>          Start 100: solver_test001_sparsekit_fidap_fidap012
1>  100/165 Test #100: solver_test001_sparsekit_fidap_fidap012 ............   Passed    0.41 sec
1>          Start 101: solver_test001_sparsekit_fidap_fidap013
1>  101/165 Test #101: solver_test001_sparsekit_fidap_fidap013 ............***Failed   20.16 sec
1>          Start 102: solver_test001_sparsekit_fidap_fidap014
1>  102/165 Test #102: solver_test001_sparsekit_fidap_fidap014 ............   Passed    0.45 sec
1>          Start 103: solver_test001_sparsekit_fidap_fidap015
1>  103/165 Test #103: solver_test001_sparsekit_fidap_fidap015 ............   Passed    0.50 sec
1>          Start 104: solver_test001_sparsekit_fidap_fidap018
1>  104/165 Test #104: solver_test001_sparsekit_fidap_fidap018 ............   Passed    0.53 sec
1>          Start 105: solver_test001_sparsekit_fidap_fidap019
1>  105/165 Test #105: solver_test001_sparsekit_fidap_fidap019 ............   Passed    2.00 sec
1>          Start 106: solver_test001_sparsekit_fidap_fidap020
1>  106/165 Test #106: solver_test001_sparsekit_fidap_fidap020 ............   Passed    0.33 sec
1>          Start 107: solver_test001_sparsekit_fidap_fidap021
1>  107/165 Test #107: solver_test001_sparsekit_fidap_fidap021 ............   Passed    0.09 sec
1>          Start 108: solver_test001_sparsekit_fidap_fidap022
1>  108/165 Test #108: solver_test001_sparsekit_fidap_fidap022 ............***Failed    5.55 sec
1>          Start 109: solver_test001_sparsekit_fidap_fidap023
1>  109/165 Test #109: solver_test001_sparsekit_fidap_fidap023 ............***Failed    0.23 sec
1>          Start 110: solver_test001_sparsekit_fidap_fidap024
1>  110/165 Test #110: solver_test001_sparsekit_fidap_fidap024 ............   Passed    0.30 sec
1>          Start 111: solver_test001_sparsekit_fidap_fidap025
1>  111/165 Test #111: solver_test001_sparsekit_fidap_fidap025 ............   Passed    0.12 sec
1>          Start 112: solver_test001_sparsekit_fidap_fidap026
1>  112/165 Test #112: solver_test001_sparsekit_fidap_fidap026 ............   Passed    0.47 sec
1>          Start 113: solver_test001_sparsekit_fidap_fidap027
1>  113/165 Test #113: solver_test001_sparsekit_fidap_fidap027 ............   Passed    0.20 sec
1>          Start 114: solver_test001_sparsekit_fidap_fidap028
1>  114/165 Test #114: solver_test001_sparsekit_fidap_fidap028 ............***Failed   26.94 sec
1>          Start 115: solver_test001_sparsekit_fidap_fidap029
1>  115/165 Test #115: solver_test001_sparsekit_fidap_fidap029 ............   Passed    0.14 sec
1>          Start 116: solver_test001_sparsekit_fidap_fidap031
1>  116/165 Test #116: solver_test001_sparsekit_fidap_fidap031 ............***Failed    6.32 sec
1>          Start 117: solver_test001_sparsekit_fidap_fidap032
1>  117/165 Test #117: solver_test001_sparsekit_fidap_fidap032 ............***Failed    0.08 sec
1>          Start 118: solver_test001_sparsekit_fidap_fidap033
1>  118/165 Test #118: solver_test001_sparsekit_fidap_fidap033 ............   Passed    0.09 sec
1>          Start 119: solver_test001_sparsekit_fidap_fidap035
1>  119/165 Test #119: solver_test001_sparsekit_fidap_fidap035 ............   Passed    2.42 sec
1>          Start 120: solver_test001_sparsekit_fidap_fidap036
1>  120/165 Test #120: solver_test001_sparsekit_fidap_fidap036 ............***Failed  113.13 sec
1>          Start 121: solver_test001_sparsekit_fidap_fidap037
1>  121/165 Test #121: solver_test001_sparsekit_fidap_fidap037 ............   Passed    0.36 sec
1>          Start 122: solver_test001_sparsekit_fidap_fidapm02
1>  122/165 Test #122: solver_test001_sparsekit_fidap_fidapm02 ............   Passed    0.11 sec
1>          Start 123: solver_test001_sparsekit_fidap_fidapm03
1>  123/165 Test #123: solver_test001_sparsekit_fidap_fidapm03 ............   Passed    0.27 sec
1>          Start 124: solver_test001_sparsekit_fidap_fidapm05
1>  124/165 Test #124: solver_test001_sparsekit_fidap_fidapm05 ............   Passed    0.02 sec
1>          Start 125: solver_test001_sparsekit_fidap_fidapm07
1>  125/165 Test #125: solver_test001_sparsekit_fidap_fidapm07 ............***Failed    0.33 sec
1>          Start 126: solver_test001_sparsekit_fidap_fidapm08
1>  126/165 Test #126: solver_test001_sparsekit_fidap_fidapm08 ............   Passed    0.58 sec
1>          Start 127: solver_test001_sparsekit_fidap_fidapm09
1>  127/165 Test #127: solver_test001_sparsekit_fidap_fidapm09 ............   Passed    0.76 sec
1>          Start 128: solver_test001_sparsekit_fidap_fidapm10
1>  128/165 Test #128: solver_test001_sparsekit_fidap_fidapm10 ............   Passed    0.28 sec
1>          Start 129: solver_test001_sparsekit_fidap_fidapm11
1>  129/165 Test #129: solver_test001_sparsekit_fidap_fidapm11 ............   Passed   24.65 sec
1>          Start 130: solver_test001_sparsekit_fidap_fidapm13
1>  130/165 Test #130: solver_test001_sparsekit_fidap_fidapm13 ............   Passed    0.41 sec
1>          Start 131: solver_test001_sparsekit_fidap_fidapm15
1>  131/165 Test #131: solver_test001_sparsekit_fidap_fidapm15 ............   Passed    0.61 sec
1>          Start 132: solver_test001_sparsekit_fidap_fidapm29
1>  132/165 Test #132: solver_test001_sparsekit_fidap_fidapm29 ............***Failed  134.84 sec
1>          Start 133: solver_test001_sparsekit_fidap_fidapm33
1>  133/165 Test #133: solver_test001_sparsekit_fidap_fidapm33 ............   Passed    0.16 sec
1>          Start 134: solver_test001_sparsekit_fidap_fidapm37
1>  134/165 Test #134: solver_test001_sparsekit_fidap_fidapm37 ............   Passed    6.22 sec
1>          Start 135: solver_test002_serial_inner_ilu2
1>  135/165 Test #135: solver_test002_serial_inner_ilu2 ...................   Passed    0.37 sec
1>          Start 136: solver_test002_serial_inner_ddpqiluc
1>  136/165 Test #136: solver_test002_serial_inner_ddpqiluc ...............   Passed    2.95 sec
1>          Start 137: solver_test002_serial_inner_mptiluc
1>  137/165 Test #137: solver_test002_serial_inner_mptiluc ................   Passed    2.84 sec
1>          Start 138: solver_test002_serial_petsc
1>  138/165 Test #138: solver_test002_serial_petsc ........................   Passed    0.05 sec
1>          Start 139: solver_test002_serial_trilinos_aztec
1>  139/165 Test #139: solver_test002_serial_trilinos_aztec ...............   Passed    0.06 sec
1>          Start 140: solver_test002_serial_trilinos_belos
1>  140/165 Test #140: solver_test002_serial_trilinos_belos ...............   Passed    0.08 sec
1>          Start 141: solver_test002_serial_trilinos_ifpack
1>  141/165 Test #141: solver_test002_serial_trilinos_ifpack ..............   Passed    0.08 sec
1>          Start 142: solver_test002_serial_trilinos_ml
1>  142/165 Test #142: solver_test002_serial_trilinos_ml ..................   Passed    0.08 sec
1>          Start 143: solver_test002_parallel_inner_ilu2
1>  143/165 Test #143: solver_test002_parallel_inner_ilu2 .................   Passed    0.31 sec
1>          Start 144: solver_test002_parallel_inner_ddpqiluc
1>  144/165 Test #144: solver_test002_parallel_inner_ddpqiluc .............   Passed    0.39 sec
1>          Start 145: solver_test002_parallel_inner_mptiluc
1>  145/165 Test #145: solver_test002_parallel_inner_mptiluc ..............   Passed    0.41 sec
1>          Start 146: solver_test002_parallel_petsc
1>  146/165 Test #146: solver_test002_parallel_petsc ......................   Passed    0.08 sec
1>          Start 147: solver_test002_parallel_trilinos_aztec
1>  147/165 Test #147: solver_test002_parallel_trilinos_aztec .............   Passed    0.09 sec
1>          Start 148: solver_test002_parallel_trilinos_ifpack
1>  148/165 Test #148: solver_test002_parallel_trilinos_ifpack ............   Passed    0.09 sec
1>          Start 149: solver_test002_parallel_trilinos_ml
1>  149/165 Test #149: solver_test002_parallel_trilinos_ml ................   Passed    0.12 sec
1>          Start 150: solver_test002_parallel_trilinos_belos
1>  150/165 Test #150: solver_test002_parallel_trilinos_belos .............   Passed    0.11 sec
1>          Start 151: pmesh_test000_parallel_np_2
1>  151/165 Test #151: pmesh_test000_parallel_np_2 ........................   Passed    0.06 sec
1>          Start 152: pmesh_test000_parallel_np_3
1>  152/165 Test #152: pmesh_test000_parallel_np_3 ........................   Passed    0.08 sec
1>          Start 153: pmesh_test000_parallel_np_4
1>  153/165 Test #153: pmesh_test000_parallel_np_4 ........................   Passed    0.09 sec
1>          Start 154: pmesh_test001_internal_np_2
1>  154/165 Test #154: pmesh_test001_internal_np_2 ........................   Passed    0.09 sec
1>          Start 155: pmesh_test001_internal_np_4
1>  155/165 Test #155: pmesh_test001_internal_np_4 ........................   Passed    0.09 sec
1>          Start 156: pmesh_test001_parmetis_partition_np_2
1>  156/165 Test #156: pmesh_test001_parmetis_partition_np_2 ..............   Passed    0.09 sec
1>          Start 157: pmesh_test001_parmetis_partition_np_4
1>  157/165 Test #157: pmesh_test001_parmetis_partition_np_4 ..............   Passed    0.08 sec
1>          Start 158: pmesh_test001_zoltan_hsfc_np_2
1>  158/165 Test #158: pmesh_test001_zoltan_hsfc_np_2 .....................   Passed    0.06 sec
1>          Start 159: pmesh_test001_zoltan_hsfc_np_4
1>  159/165 Test #159: pmesh_test001_zoltan_hsfc_np_4 .....................   Passed    0.08 sec
1>          Start 160: pmesh_test001_zoltan_rib_np_2
1>  160/165 Test #160: pmesh_test001_zoltan_rib_np_2 ......................   Passed    0.09 sec
1>          Start 161: pmesh_test001_zoltan_rib_np_4
1>  161/165 Test #161: pmesh_test001_zoltan_rib_np_4 ......................   Passed    0.09 sec
1>          Start 162: pmesh_test001_zoltan_rcb_np_2
1>  162/165 Test #162: pmesh_test001_zoltan_rcb_np_2 ......................   Passed    0.06 sec
1>          Start 163: pmesh_test001_zoltan_rcb_np_4
1>  163/165 Test #163: pmesh_test001_zoltan_rcb_np_4 ......................   Passed    0.09 sec
1>          Start 164: pmesh_test001_zoltan_phg_np_2
1>  164/165 Test #164: pmesh_test001_zoltan_phg_np_2 ......................   Passed    0.08 sec
1>          Start 165: pmesh_test001_zoltan_phg_np_4
1>  165/165 Test #165: pmesh_test001_zoltan_phg_np_4 ......................   Passed    0.09 sec
1>  
1>  94% tests passed, 10 tests failed out of 165
1>  
1>  Total Test time (real) = 560.17 sec
1>  
1>  The following tests FAILED:
1>  	 94 - solver_test001_sparsekit_fidap_fidap006 (Failed)
1>  	101 - solver_test001_sparsekit_fidap_fidap013 (Failed)
1>  	108 - solver_test001_sparsekit_fidap_fidap022 (Failed)
1>  	109 - solver_test001_sparsekit_fidap_fidap023 (Failed)
1>  	114 - solver_test001_sparsekit_fidap_fidap028 (Failed)
1>  	116 - solver_test001_sparsekit_fidap_fidap031 (Failed)
1>  	117 - solver_test001_sparsekit_fidap_fidap032 (Failed)
1>  	120 - solver_test001_sparsekit_fidap_fidap036 (Failed)
1>  	125 - solver_test001_sparsekit_fidap_fidapm07 (Failed)
1>  	132 - solver_test001_sparsekit_fidap_fidapm29 (Failed)
1>  Errors while running CTest
1>C:\Program Files (x86)\MSBuild\Microsoft.Cpp\v4.0\Microsoft.CppCommon.targets(113,5): error MSB3073: The command "setlocal
1>C:\Program Files (x86)\MSBuild\Microsoft.Cpp\v4.0\Microsoft.CppCommon.targets(113,5): error MSB3073: "C:\Program Files (x86)\CMake 2.8\bin\ctest.exe" --force-new-ctest-process -C Release
1>C:\Program Files (x86)\MSBuild\Microsoft.Cpp\v4.0\Microsoft.CppCommon.targets(113,5): error MSB3073: if %errorlevel% neq 0 goto :cmEnd
1>C:\Program Files (x86)\MSBuild\Microsoft.Cpp\v4.0\Microsoft.CppCommon.targets(113,5): error MSB3073: :cmEnd
1>C:\Program Files (x86)\MSBuild\Microsoft.Cpp\v4.0\Microsoft.CppCommon.targets(113,5): error MSB3073: endlocal & call :cmErrorLevel %errorlevel% & goto :cmDone
1>C:\Program Files (x86)\MSBuild\Microsoft.Cpp\v4.0\Microsoft.CppCommon.targets(113,5): error MSB3073: :cmErrorLevel
1>C:\Program Files (x86)\MSBuild\Microsoft.Cpp\v4.0\Microsoft.CppCommon.targets(113,5): error MSB3073: exit /b %1
1>C:\Program Files (x86)\MSBuild\Microsoft.Cpp\v4.0\Microsoft.CppCommon.targets(113,5): error MSB3073: :cmDone
1>C:\Program Files (x86)\MSBuild\Microsoft.Cpp\v4.0\Microsoft.CppCommon.targets(113,5): error MSB3073: if %errorlevel% neq 0 goto :VCEnd
1>C:\Program Files (x86)\MSBuild\Microsoft.Cpp\v4.0\Microsoft.CppCommon.targets(113,5): error MSB3073: :VCEnd" exited with code 8.
1>
1>Build FAILED.
1>
1>Time Elapsed 00:09:20.32
========== Build: 0 succeeded, 1 failed, 0 up-to-date, 0 skipped ==========